<?xml version="1.0" encoding="UTF-8" standalone="no"?>
<testsuite failures="0" name="com.intuit.karate.testng.smoke.smoke" skipped="0" tests="1" time="0.19647">
<testcase classname="com.intuit.karate.testng.smoke.smoke" name="1" time="0.19647">
<system-out><![CDATA[* assert someConfig == 'someValue'..........................................passed
* def reader = function() { return karate.read('demo-json.json') }..........passed
* def fromFile = call reader................................................passed
* match fromFile == { from: 'file' }........................................passed
Given def text = read('demo-text.txt')......................................passed
Then match text == 'Hello World!'...........................................passed
Then assert text == 'Hello World!'..........................................passed
Then match text contains 'World'............................................passed
]]></system-out>
</testcase>
</testsuite>
